# JRE version: OpenJDK Runtime Environment (8.0_112-b06) (build 1.8.0_112-release-b06)
# Java VM: OpenJDK 64-Bit Server VM (25.112-b06 mixed mode windows-amd64 compressed oops)
Heap:
 PSYoungGen      total 267776K, used 8002K [0x00000000e0000000, 0x00000000f1f00000, 0x0000000100000000)
  eden space 245760K, 3% used [0x00000000e0000000,0x00000000e07d0988,0x00000000ef000000)
  from space 22016K, 0% used [0x00000000f0500000,0x00000000f0500000,0x00000000f1a80000)
  to   space 21504K, 0% used [0x00000000ef000000,0x00000000ef000000,0x00000000f0500000)
 ParOldGen       total 94720K, used 46168K [0x00000000a0000000, 0x00000000a5c80000, 0x00000000e0000000)
  object space 94720K, 48% used [0x00000000a0000000,0x00000000a2d16388,0x00000000a5c80000)
 Metaspace       used 56677K, capacity 59030K, committed 59284K, reserved 1099776K
  class space    used 7649K, capacity 8150K, committed 8192K, reserved 1048576K
GC Heap History (10 events):
Event: 36.511 GC heap before
{Heap before GC invocations=15 (full 2):
 PSYoungGen      total 125952K, used 124951K [0x00000000e0000000, 0x00000000e8700000, 0x0000000100000000)
  eden space 116736K, 100% used [0x00000000e0000000,0x00000000e7200000,0x00000000e7200000)
  from space 9216K, 89% used [0x00000000e7e00000,0x00000000e8605d98,0x00000000e8700000)
  to   space 10752K, 0% used [0x00000000e7200000,0x00000000e7200000,0x00000000e7c80000)
 ParOldGen       total 48128K, used 13974K [0x00000000a0000000, 0x00000000a2f00000, 0x00000000e0000000)
  object space 48128K, 29% used [0x00000000a0000000,0x00000000a0da5b40,0x00000000a2f00000)
 Metaspace       used 45405K, capacity 46542K, committed 46592K, reserved 1089536K
  class space    used 6074K, capacity 6357K, committed 6400K, reserved 1048576K
Event: 36.545 GC heap after
Heap after GC invocations=15 (full 2):
 PSYoungGen      total 127488K, used 8740K [0x00000000e0000000, 0x00000000ebd80000, 0x0000000100000000)
  eden space 116736K, 0% used [0x00000000e0000000,0x00000000e0000000,0x00000000e7200000)
  from space 10752K, 81% used [0x00000000e7200000,0x00000000e7a89230,0x00000000e7c80000)
  to   space 11776K, 0% used [0x00000000eb200000,0x00000000eb200000,0x00000000ebd80000)
 ParOldGen       total 48128K, used 20138K [0x00000000a0000000, 0x00000000a2f00000, 0x00000000e0000000)
  object space 48128K, 41% used [0x00000000a0000000,0x00000000a13aaa18,0x00000000a2f00000)
 Metaspace       used 45405K, capacity 46542K, committed 46592K, reserved 1089536K
  class space    used 6074K, capacity 6357K, committed 6400K, reserved 1048576K
}
Event: 41.405 GC heap before
{Heap before GC invocations=16 (full 2):
 PSYoungGen      total 127488K, used 125476K [0x00000000e0000000, 0x00000000ebd80000, 0x0000000100000000)
  eden space 116736K, 100% used [0x00000000e0000000,0x00000000e7200000,0x00000000e7200000)
  from space 10752K, 81% used [0x00000000e7200000,0x00000000e7a89230,0x00000000e7c80000)
  to   space 11776K, 0% used [0x00000000eb200000,0x00000000eb200000,0x00000000ebd80000)
 ParOldGen       total 48128K, used 20138K [0x00000000a0000000, 0x00000000a2f00000, 0x00000000e0000000)
  object space 48128K, 41% used [0x00000000a0000000,0x00000000a13aaa18,0x00000000a2f00000)
 Metaspace       used 49993K, capacity 51536K, committed 51840K, reserved 1093632K
  class space    used 6800K, capacity 7186K, committed 7296K, reserved 1048576K
Event: 41.462 GC heap after
Heap after GC invocations=16 (full 2):
 PSYoungGen      total 178688K, used 11757K [0x00000000e0000000, 0x00000000ec280000, 0x0000000100000000)
  eden space 166912K, 0% used [0x00000000e0000000,0x00000000e0000000,0x00000000ea300000)
  from space 11776K, 99% used [0x00000000eb200000,0x00000000ebd7b578,0x00000000ebd80000)
  to   space 15360K, 0% used [0x00000000ea300000,0x00000000ea300000,0x00000000eb200000)
 ParOldGen       total 48128K, used 24935K [0x00000000a0000000, 0x00000000a2f00000, 0x00000000e0000000)
  object space 48128K, 51% used [0x00000000a0000000,0x00000000a1859dd8,0x00000000a2f00000)
 Metaspace       used 49993K, capacity 51536K, committed 51840K, reserved 1093632K
  class space    used 6800K, capacity 7186K, committed 7296K, reserved 1048576K
}
Event: 60.194 GC heap before
{Heap before GC invocations=17 (full 2):
 PSYoungGen      total 178688K, used 178669K [0x00000000e0000000, 0x00000000ec280000, 0x0000000100000000)
  eden space 166912K, 100% used [0x00000000e0000000,0x00000000ea300000,0x00000000ea300000)
  from space 11776K, 99% used [0x00000000eb200000,0x00000000ebd7b578,0x00000000ebd80000)
  to   space 15360K, 0% used [0x00000000ea300000,0x00000000ea300000,0x00000000eb200000)
 ParOldGen       total 48128K, used 24935K [0x00000000a0000000, 0x00000000a2f00000, 0x00000000e0000000)
  object space 48128K, 51% used [0x00000000a0000000,0x00000000a1859dd8,0x00000000a2f00000)
 Metaspace       used 56232K, capacity 58612K, committed 58880K, reserved 1099776K
  class space    used 7595K, capacity 8117K, committed 8192K, reserved 1048576K
Event: 61.446 GC heap after
Heap after GC invocations=17 (full 2):
 PSYoungGen      total 182272K, used 15352K [0x00000000e0000000, 0x00000000f1a80000, 0x0000000100000000)
  eden space 166912K, 0% used [0x00000000e0000000,0x00000000e0000000,0x00000000ea300000)
  from space 15360K, 99% used [0x00000000ea300000,0x00000000eb1fe1e0,0x00000000eb200000)
  to   space 22016K, 0% used [0x00000000f0500000,0x00000000f0500000,0x00000000f1a80000)
 ParOldGen       total 48128K, used 36903K [0x00000000a0000000, 0x00000000a2f00000, 0x00000000e0000000)
  object space 48128K, 76% used [0x00000000a0000000,0x00000000a2409e00,0x00000000a2f00000)
 Metaspace       used 56232K, capacity 58612K, committed 58880K, reserved 1099776K
  class space    used 7595K, capacity 8117K, committed 8192K, reserved 1048576K
}
Event: 63.101 GC heap before
{Heap before GC invocations=18 (full 2):
 PSYoungGen      total 182272K, used 28325K [0x00000000e0000000, 0x00000000f1a80000, 0x0000000100000000)
  eden space 166912K, 7% used [0x00000000e0000000,0x00000000e0cab3e8,0x00000000ea300000)
  from space 15360K, 99% used [0x00000000ea300000,0x00000000eb1fe1e0,0x00000000eb200000)
  to   space 22016K, 0% used [0x00000000f0500000,0x00000000f0500000,0x00000000f1a80000)
 ParOldGen       total 48128K, used 36903K [0x00000000a0000000, 0x00000000a2f00000, 0x00000000e0000000)
  object space 48128K, 76% used [0x00000000a0000000,0x00000000a2409e00,0x00000000a2f00000)
 Metaspace       used 56640K, capacity 58966K, committed 59028K, reserved 1099776K
  class space    used 7639K, capacity 8150K, committed 8192K, reserved 1048576K
Event: 63.295 GC heap after
Heap after GC invocations=18 (full 2):
 PSYoungGen      total 267776K, used 2993K [0x00000000e0000000, 0x00000000f1f00000, 0x0000000100000000)
  eden space 245760K, 0% used [0x00000000e0000000,0x00000000e0000000,0x00000000ef000000)
  from space 22016K, 13% used [0x00000000f0500000,0x00000000f07ec798,0x00000000f1a80000)
  to   space 21504K, 0% used [0x00000000ef000000,0x00000000ef000000,0x00000000f0500000)
 ParOldGen       total 51200K, used 51057K [0x00000000a0000000, 0x00000000a3200000, 0x00000000e0000000)
  object space 51200K, 99% used [0x00000000a0000000,0x00000000a31dc5d0,0x00000000a3200000)
 Metaspace       used 56640K, capacity 58966K, committed 59028K, reserved 1099776K
  class space    used 7639K, capacity 8150K, committed 8192K, reserved 1048576K
}
Event: 63.295 GC heap before
{Heap before GC invocations=19 (full 3):
 PSYoungGen      total 267776K, used 2993K [0x00000000e0000000, 0x00000000f1f00000, 0x0000000100000000)
  eden space 245760K, 0% used [0x00000000e0000000,0x00000000e0000000,0x00000000ef000000)
  from space 22016K, 13% used [0x00000000f0500000,0x00000000f07ec798,0x00000000f1a80000)
  to   space 21504K, 0% used [0x00000000ef000000,0x00000000ef000000,0x00000000f0500000)
 ParOldGen       total 51200K, used 51057K [0x00000000a0000000, 0x00000000a3200000, 0x00000000e0000000)
  object space 51200K, 99% used [0x00000000a0000000,0x00000000a31dc5d0,0x00000000a3200000)
 Metaspace       used 56640K, capacity 58966K, committed 59028K, reserved 1099776K
  class space    used 7639K, capacity 8150K, committed 8192K, reserved 1048576K
Event: 65.794 GC heap after
Heap after GC invocations=19 (full 3):
 PSYoungGen      total 267776K, used 0K [0x00000000e0000000, 0x00000000f1f00000, 0x0000000100000000)
  eden space 245760K, 0% used [0x00000000e0000000,0x00000000e0000000,0x00000000ef000000)
  from space 22016K, 0% used [0x00000000f0500000,0x00000000f0500000,0x00000000f1a80000)
  to   space 21504K, 0% used [0x00000000ef000000,0x00000000ef000000,0x00000000f0500000)
 ParOldGen       total 94720K, used 46168K [0x00000000a0000000, 0x00000000a5c80000, 0x00000000e0000000)
  object space 94720K, 48% used [0x00000000a0000000,0x00000000a2d16388,0x00000000a5c80000)
 Metaspace       used 56640K, capacity 58966K, committed 59028K, reserved 1099776K
  class space    used 7639K, capacity 8150K, committed 8192K, reserved 1048576K
}

